<?xml version="1.0" encoding="UTF-8"?>
<testng-results skipped="0" failed="0" ignored="0" total="1" passed="1">
  <reporter-output>
  </reporter-output>
  <suite name="Surefire suite" duration-ms="2950" started-at="2024-02-07T12:25:31 IST" finished-at="2024-02-07T12:25:34 IST">
    <groups>
      <group name="cucumber">
        <method signature="AbstractTestNGCucumberTests.runScenario(io.cucumber.testng.PickleWrapper,io.cucumber.testng.FeatureWrapper)[pri:0, instance:runners.TestRunner@ea1a8d5]" name="runScenario" class="io.cucumber.testng.AbstractTestNGCucumberTests"/>
      </group> <!-- cucumber -->
    </groups>
    <test name="Surefire test" duration-ms="2950" started-at="2024-02-07T12:25:31 IST" finished-at="2024-02-07T12:25:34 IST">
      <class name="runners.TestRunner">
        <test-method status="PASS" signature="setUpClass(org.testng.ITestContext)[pri:0, instance:runners.TestRunner@ea1a8d5]" name="setUpClass" is-config="true" duration-ms="146" started-at="2024-02-07T12:25:31 IST" finished-at="2024-02-07T12:25:31 IST">
          <params>
            <param index="0">
              <value>
                <![CDATA[org.testng.TestRunner@1e141e42]]>
              </value>
            </param>
          </params>
          <reporter-output>
          </reporter-output>
        </test-method> <!-- setUpClass -->
        <test-method status="PASS" signature="runScenario(io.cucumber.testng.PickleWrapper,io.cucumber.testng.FeatureWrapper)[pri:0, instance:runners.TestRunner@ea1a8d5]" name="runScenario" duration-ms="2574" started-at="2024-02-07T12:25:31 IST" description="Runs Cucumber Scenarios" data-provider="scenarios" finished-at="2024-02-07T12:25:33 IST">
          <params>
            <param index="0">
              <value>
                <![CDATA["Verify GET request to a specific endpoint"]]>
              </value>
            </param>
            <param index="1">
              <value>
                <![CDATA["Optional[API Testing with Rest Assured Java]"]]>
              </value>
            </param>
          </params>
          <reporter-output>
          </reporter-output>
        </test-method> <!-- runScenario -->
        <test-method status="PASS" signature="tearDownClass()[pri:0, instance:runners.TestRunner@ea1a8d5]" name="tearDownClass" is-config="true" duration-ms="206" started-at="2024-02-07T12:25:33 IST" finished-at="2024-02-07T12:25:34 IST">
          <reporter-output>
          </reporter-output>
        </test-method> <!-- tearDownClass -->
      </class> <!-- runners.TestRunner -->
    </test> <!-- Surefire test -->
  </suite> <!-- Surefire suite -->
</testng-results>
